INFO:aiogram.dispatcher:Start polling
INFO:aiogram.dispatcher:Run polling for bot @ChanellAdm_bot id=8236920908 - 'ChanellAdm'
INFO:aiogram.event:Update id=844155583 is handled. Duration 2391 ms by bot id=8236920908
INFO:aiogram.event:Update id=844155585 is handled. Duration 2452 ms by bot id=8236920908
INFO:aiogram.event:Update id=844155582 is handled. Duration 2469 ms by bot id=8236920908
INFO:aiogram.event:Update id=844155580 is handled. Duration 2484 ms by bot id=8236920908
INFO:aiogram.event:Update id=844155579 is handled. Duration 2516 ms by bot id=8236920908
INFO:aiogram.event:Update id=844155584 is handled. Duration 2547 ms by bot id=8236920908
INFO:aiogram.event:Update id=844155578 is handled. Duration 2609 ms by bot id=8236920908
INFO:aiogram.event:Update id=844155587 is handled. Duration 2687 ms by bot id=8236920908
INFO:aiogram.event:Update id=844155586 is handled. Duration 2687 ms by bot id=8236920908
INFO:aiogram.event:Update id=844155581 is handled. Duration 2827 ms by bot id=8236920908
INFO:aiogram.event:Update id=844155588 is handled. Duration 2266 ms by bot id=8236920908
INFO:aiogram.event:Update id=844155589 is handled. Duration 265 ms by bot id=8236920908
INFO:aiogram.event:Update id=844155590 is handled. Duration 93 ms by bot id=8236920908
INFO:aiogram.event:Update id=844155591 is handled. Duration 155 ms by bot id=8236920908
INFO:aiogram.event:Update id=844155592 is handled. Duration 202 ms by bot id=8236920908
INFO:aiogram.event:Update id=844155593 is handled. Duration 125 ms by bot id=8236920908
INFO:aiogram.event:Update id=844155594 is handled. Duration 110 ms by bot id=8236920908
INFO:aiogram.event:Update id=844155595 is handled. Duration 109 ms by bot id=8236920908
INFO:aiogram.event:Update id=844155596 is handled. Duration 78 ms by bot id=8236920908
INFO:aiogram.event:Update id=844155597 is handled. Duration 62 ms by bot id=8236920908
INFO:aiogram.event:Update id=844155598 is handled. Duration 93 ms by bot id=8236920908
INFO:aiogram.event:Update id=844155599 is handled. Duration 94 ms by bot id=8236920908
INFO:aiogram.event:Update id=844155600 is handled. Duration 94 ms by bot id=8236920908
INFO:aiogram.event:Update id=844155601 is handled. Duration 78 ms by bot id=8236920908
INFO:aiogram.event:Update id=844155602 is handled. Duration 77 ms by bot id=8236920908
INFO:aiogram.dispatcher:Polling stopped for bot @ChanellAdm_bot id=8236920908 - 'ChanellAdm'
INFO:aiogram.dispatcher:Polling stopped
INFO:aiogram.dispatcher:Start polling
INFO:aiogram.dispatcher:Run polling for bot @ChanellAdm_bot id=8236920908 - 'ChanellAdm'
INFO:aiogram.event:Update id=844155603 is handled. Duration 389 ms by bot id=8236920908
INFO:aiogram.event:Update id=844155605 is handled. Duration 2530 ms by bot id=8236920908
INFO:aiogram.event:Update id=844155604 is handled. Duration 2593 ms by bot id=8236920908
INFO:aiogram.event:Update id=844155606 is handled. Duration 2141 ms by bot id=8236920908
INFO:aiogram.event:Update id=844155607 is handled. Duration 155 ms by bot id=8236920908
INFO:aiogram.event:Update id=844155608 is handled. Duration 61 ms by bot id=8236920908
INFO:aiogram.event:Update id=844155609 is handled. Duration 171 ms by bot id=8236920908
INFO:aiogram.event:Update id=844155610 is handled. Duration 265 ms by bot id=8236920908
INFO:aiogram.event:Update id=844155611 is handled. Duration 77 ms by bot id=8236920908
INFO:aiogram.event:Update id=844155612 is handled. Duration 141 ms by bot id=8236920908
INFO:aiogram.event:Update id=844155613 is handled. Duration 125 ms by bot id=8236920908
INFO:aiogram.event:Update id=844155614 is handled. Duration 77 ms by bot id=8236920908
INFO:aiogram.event:Update id=844155615 is handled. Duration 77 ms by bot id=8236920908
INFO:aiogram.event:Update id=844155616 is handled. Duration 219 ms by bot id=8236920908
INFO:aiogram.event:Update id=844155617 is handled. Duration 109 ms by bot id=8236920908
INFO:aiogram.event:Update id=844155618 is handled. Duration 125 ms by bot id=8236920908
INFO:aiogram.event:Update id=844155619 is handled. Duration 109 ms by bot id=8236920908
INFO:aiogram.event:Update id=844155620 is handled. Duration 186 ms by bot id=8236920908
INFO:aiogram.event:Update id=844155621 is handled. Duration 93 ms by bot id=8236920908
INFO:aiogram.event:Update id=844155622 is handled. Duration 93 ms by bot id=8236920908
INFO:aiogram.event:Update id=844155623 is handled. Duration 108 ms by bot id=8236920908
INFO:aiogram.event:Update id=844155624 is handled. Duration 125 ms by bot id=8236920908
INFO:aiogram.event:Update id=844155625 is handled. Duration 77 ms by bot id=8236920908
INFO:aiogram.event:Update id=844155626 is handled. Duration 93 ms by bot id=8236920908
INFO:aiogram.event:Update id=844155627 is handled. Duration 94 ms by bot id=8236920908
INFO:aiogram.event:Update id=844155628 is handled. Duration 125 ms by bot id=8236920908
INFO:aiogram.event:Update id=844155629 is handled. Duration 62 ms by bot id=8236920908
INFO:aiogram.event:Update id=844155630 is handled. Duration 155 ms by bot id=8236920908
INFO:aiogram.event:Update id=844155631 is handled. Duration 125 ms by bot id=8236920908
INFO:aiogram.event:Update id=844155632 is handled. Duration 94 ms by bot id=8236920908
INFO:aiogram.event:Update id=844155633 is handled. Duration 155 ms by bot id=8236920908
INFO:aiogram.event:Update id=844155634 is handled. Duration 78 ms by bot id=8236920908
INFO:aiogram.event:Update id=844155635 is handled. Duration 94 ms by bot id=8236920908
INFO:aiogram.event:Update id=844155636 is handled. Duration 2250 ms by bot id=8236920908
INFO:aiogram.event:Update id=844155637 is handled. Duration 77 ms by bot id=8236920908
INFO:aiogram.event:Update id=844155638 is handled. Duration 93 ms by bot id=8236920908
INFO:aiogram.event:Update id=844155639 is handled. Duration 109 ms by bot id=8236920908
INFO:aiogram.event:Update id=844155640 is handled. Duration 62 ms by bot id=8236920908
INFO:aiogram.event:Update id=844155641 is handled. Duration 125 ms by bot id=8236920908
INFO:aiogram.event:Update id=844155642 is handled. Duration 63 ms by bot id=8236920908
INFO:aiogram.event:Update id=844155643 is handled. Duration 77 ms by bot id=8236920908
INFO:aiogram.event:Update id=844155644 is handled. Duration 109 ms by bot id=8236920908
INFO:aiogram.event:Update id=844155645 is handled. Duration 94 ms by bot id=8236920908
INFO:aiogram.event:Update id=844155646 is handled. Duration 77 ms by bot id=8236920908
INFO:aiogram.event:Update id=844155647 is handled. Duration 125 ms by bot id=8236920908
INFO:aiogram.event:Update id=844155648 is handled. Duration 61 ms by bot id=8236920908
INFO:aiogram.event:Update id=844155649 is handled. Duration 140 ms by bot id=8236920908
INFO:aiogram.event:Update id=844155650 is handled. Duration 77 ms by bot id=8236920908
INFO:aiogram.event:Update id=844155651 is handled. Duration 78 ms by bot id=8236920908
INFO:aiogram.event:Update id=844155652 is handled. Duration 62 ms by bot id=8236920908
INFO:aiogram.dispatcher:Polling stopped
INFO:aiogram.dispatcher:Polling stopped for bot @ChanellAdm_bot id=8236920908 - 'ChanellAdm'
INFO:aiogram.dispatcher:Start polling
INFO:aiogram.dispatcher:Run polling for bot @ChanellAdm_bot id=8236920908 - 'ChanellAdm'
INFO:aiogram.event:Update id=844155653 is handled. Duration 2390 ms by bot id=8236920908
INFO:aiogram.event:Update id=844155654 is handled. Duration 188 ms by bot id=8236920908
INFO:aiogram.event:Update id=844155655 is handled. Duration 63 ms by bot id=8236920908
INFO:aiogram.event:Update id=844155656 is handled. Duration 62 ms by bot id=8236920908
INFO:aiogram.event:Update id=844155657 is handled. Duration 61 ms by bot id=8236920908
INFO:aiogram.event:Update id=844155658 is handled. Duration 78 ms by bot id=8236920908
INFO:aiogram.event:Update id=844155659 is handled. Duration 218 ms by bot id=8236920908
INFO:aiogram.event:Update id=844155660 is handled. Duration 77 ms by bot id=8236920908
INFO:aiogram.event:Update id=844155661 is handled. Duration 156 ms by bot id=8236920908
INFO:aiogram.event:Update id=844155662 is handled. Duration 62 ms by bot id=8236920908
INFO:aiogram.event:Update id=844155663 is handled. Duration 61 ms by bot id=8236920908
INFO:aiogram.event:Update id=844155664 is handled. Duration 63 ms by bot id=8236920908
INFO:aiogram.event:Update id=844155665 is handled. Duration 94 ms by bot id=8236920908
INFO:aiogram.event:Update id=844155666 is handled. Duration 63 ms by bot id=8236920908
INFO:aiogram.event:Update id=844155667 is handled. Duration 141 ms by bot id=8236920908
INFO:aiogram.event:Update id=844155668 is handled. Duration 62 ms by bot id=8236920908
INFO:aiogram.event:Update id=844155669 is handled. Duration 62 ms by bot id=8236920908
INFO:aiogram.event:Update id=844155670 is handled. Duration 93 ms by bot id=8236920908
INFO:aiogram.event:Update id=844155671 is handled. Duration 77 ms by bot id=8236920908
INFO:aiogram.event:Update id=844155672 is handled. Duration 77 ms by bot id=8236920908
INFO:aiogram.event:Update id=844155673 is handled. Duration 78 ms by bot id=8236920908
INFO:aiogram.event:Update id=844155674 is handled. Duration 62 ms by bot id=8236920908
INFO:aiogram.event:Update id=844155675 is handled. Duration 125 ms by bot id=8236920908
INFO:aiogram.event:Update id=844155676 is handled. Duration 78 ms by bot id=8236920908
INFO:aiogram.event:Update id=844155677 is handled. Duration 62 ms by bot id=8236920908
INFO:aiogram.dispatcher:Polling stopped
INFO:aiogram.dispatcher:Polling stopped for bot @ChanellAdm_bot id=8236920908 - 'ChanellAdm'
INFO:aiogram.dispatcher:Start polling
INFO:aiogram.dispatcher:Run polling for bot @ChanellAdm_bot id=8236920908 - 'ChanellAdm'
INFO:aiogram.event:Update id=844155678 is handled. Duration 2343 ms by bot id=8236920908
INFO:aiogram.event:Update id=844155679 is handled. Duration 141 ms by bot id=8236920908
INFO:aiogram.event:Update id=844155680 is handled. Duration 63 ms by bot id=8236920908
INFO:aiogram.event:Update id=844155681 is handled. Duration 530 ms by bot id=8236920908
INFO:aiogram.event:Update id=844155682 is handled. Duration 94 ms by bot id=8236920908
INFO:aiogram.event:Update id=844155683 is handled. Duration 188 ms by bot id=8236920908
INFO:aiogram.event:Update id=844155684 is handled. Duration 109 ms by bot id=8236920908
INFO:aiogram.event:Update id=844155685 is handled. Duration 125 ms by bot id=8236920908
INFO:aiogram.event:Update id=844155686 is handled. Duration 78 ms by bot id=8236920908
INFO:aiogram.event:Update id=844155687 is handled. Duration 62 ms by bot id=8236920908
INFO:aiogram.event:Update id=844155688 is handled. Duration 77 ms by bot id=8236920908
INFO:aiogram.event:Update id=844155689 is handled. Duration 108 ms by bot id=8236920908
INFO:aiogram.event:Update id=844155690 is handled. Duration 62 ms by bot id=8236920908
INFO:aiogram.event:Update id=844155691 is handled. Duration 78 ms by bot id=8236920908
INFO:aiogram.event:Update id=844155692 is handled. Duration 77 ms by bot id=8236920908
INFO:aiogram.event:Update id=844155693 is handled. Duration 78 ms by bot id=8236920908
INFO:aiogram.event:Update id=844155694 is handled. Duration 125 ms by bot id=8236920908
INFO:aiogram.event:Update id=844155695 is handled. Duration 93 ms by bot id=8236920908
INFO:aiogram.event:Update id=844155696 is handled. Duration 359 ms by bot id=8236920908
INFO:aiogram.event:Update id=844155697 is handled. Duration 62 ms by bot id=8236920908
INFO:aiogram.event:Update id=844155698 is handled. Duration 108 ms by bot id=8236920908
INFO:aiogram.event:Update id=844155699 is handled. Duration 63 ms by bot id=8236920908
INFO:aiogram.event:Update id=844155700 is handled. Duration 94 ms by bot id=8236920908
INFO:aiogram.event:Update id=844155701 is handled. Duration 77 ms by bot id=8236920908
INFO:aiogram.event:Update id=844155702 is handled. Duration 63 ms by bot id=8236920908
INFO:aiogram.event:Update id=844155703 is handled. Duration 77 ms by bot id=8236920908
INFO:aiogram.event:Update id=844155704 is handled. Duration 78 ms by bot id=8236920908
INFO:aiogram.event:Update id=844155705 is handled. Duration 109 ms by bot id=8236920908
INFO:aiogram.event:Update id=844155706 is handled. Duration 62 ms by bot id=8236920908
INFO:aiogram.event:Update id=844155707 is handled. Duration 93 ms by bot id=8236920908
INFO:aiogram.event:Update id=844155708 is handled. Duration 77 ms by bot id=8236920908
INFO:aiogram.event:Update id=844155709 is handled. Duration 62 ms by bot id=8236920908
INFO:aiogram.event:Update id=844155710 is handled. Duration 93 ms by bot id=8236920908
INFO:aiogram.event:Update id=844155711 is handled. Duration 63 ms by bot id=8236920908
INFO:aiogram.event:Update id=844155712 is handled. Duration 172 ms by bot id=8236920908
INFO:aiogram.event:Update id=844155713 is handled. Duration 78 ms by bot id=8236920908
INFO:aiogram.event:Update id=844155714 is handled. Duration 94 ms by bot id=8236920908
INFO:aiogram.event:Update id=844155715 is handled. Duration 77 ms by bot id=8236920908
INFO:aiogram.event:Update id=844155716 is handled. Duration 77 ms by bot id=8236920908
INFO:aiogram.event:Update id=844155717 is handled. Duration 155 ms by bot id=8236920908
INFO:aiogram.event:Update id=844155718 is handled. Duration 327 ms by bot id=8236920908
INFO:aiogram.event:Update id=844155719 is handled. Duration 234 ms by bot id=8236920908
INFO:aiogram.event:Update id=844155720 is handled. Duration 62 ms by bot id=8236920908
INFO:aiogram.event:Update id=844155721 is handled. Duration 78 ms by bot id=8236920908
INFO:aiogram.event:Update id=844155722 is handled. Duration 62 ms by bot id=8236920908
INFO:aiogram.event:Update id=844155723 is handled. Duration 63 ms by bot id=8236920908
INFO:aiogram.event:Update id=844155724 is handled. Duration 109 ms by bot id=8236920908
INFO:aiogram.event:Update id=844155725 is handled. Duration 109 ms by bot id=8236920908
INFO:aiogram.event:Update id=844155726 is handled. Duration 61 ms by bot id=8236920908
INFO:aiogram.event:Update id=844155727 is handled. Duration 77 ms by bot id=8236920908
INFO:aiogram.event:Update id=844155728 is handled. Duration 93 ms by bot id=8236920908
INFO:aiogram.event:Update id=844155729 is handled. Duration 93 ms by bot id=8236920908
INFO:aiogram.event:Update id=844155730 is handled. Duration 61 ms by bot id=8236920908
INFO:aiogram.event:Update id=844155731 is handled. Duration 78 ms by bot id=8236920908
INFO:aiogram.event:Update id=844155732 is handled. Duration 62 ms by bot id=8236920908
INFO:aiogram.event:Update id=844155733 is handled. Duration 62 ms by bot id=8236920908
INFO:aiogram.event:Update id=844155734 is handled. Duration 77 ms by bot id=8236920908
INFO:aiogram.event:Update id=844155735 is handled. Duration 108 ms by bot id=8236920908
INFO:aiogram.event:Update id=844155736 is handled. Duration 62 ms by bot id=8236920908
INFO:aiogram.event:Update id=844155737 is handled. Duration 77 ms by bot id=8236920908
INFO:aiogram.event:Update id=844155738 is handled. Duration 61 ms by bot id=8236920908
INFO:aiogram.event:Update id=844155739 is handled. Duration 108 ms by bot id=8236920908
INFO:aiogram.event:Update id=844155740 is handled. Duration 78 ms by bot id=8236920908
INFO:aiogram.event:Update id=844155741 is handled. Duration 108 ms by bot id=8236920908
INFO:aiogram.event:Update id=844155742 is handled. Duration 61 ms by bot id=8236920908
INFO:aiogram.event:Update id=844155743 is handled. Duration 94 ms by bot id=8236920908
INFO:aiogram.event:Update id=844155744 is handled. Duration 125 ms by bot id=8236920908
INFO:aiogram.event:Update id=844155745 is handled. Duration 140 ms by bot id=8236920908
INFO:aiogram.event:Update id=844155746 is handled. Duration 78 ms by bot id=8236920908
INFO:aiogram.event:Update id=844155747 is handled. Duration 187 ms by bot id=8236920908
INFO:aiogram.event:Update id=844155748 is handled. Duration 62 ms by bot id=8236920908
INFO:aiogram.event:Update id=844155749 is handled. Duration 62 ms by bot id=8236920908
INFO:aiogram.event:Update id=844155750 is handled. Duration 94 ms by bot id=8236920908
INFO:aiogram.event:Update id=844155751 is handled. Duration 140 ms by bot id=8236920908
INFO:aiogram.event:Update id=844155752 is handled. Duration 77 ms by bot id=8236920908
INFO:aiogram.event:Update id=844155753 is handled. Duration 78 ms by bot id=8236920908
INFO:aiogram.event:Update id=844155754 is handled. Duration 234 ms by bot id=8236920908
INFO:aiogram.event:Update id=844155755 is handled. Duration 140 ms by bot id=8236920908
INFO:aiogram.event:Update id=844155756 is handled. Duration 61 ms by bot id=8236920908
INFO:aiogram.event:Update id=844155757 is handled. Duration 77 ms by bot id=8236920908
INFO:aiogram.event:Update id=844155758 is handled. Duration 63 ms by bot id=8236920908
INFO:aiogram.event:Update id=844155759 is handled. Duration 78 ms by bot id=8236920908
INFO:aiogram.event:Update id=844155760 is handled. Duration 63 ms by bot id=8236920908
INFO:aiogram.event:Update id=844155761 is handled. Duration 78 ms by bot id=8236920908
INFO:aiogram.event:Update id=844155762 is handled. Duration 94 ms by bot id=8236920908
INFO:aiogram.event:Update id=844155763 is handled. Duration 108 ms by bot id=8236920908
INFO:aiogram.event:Update id=844155764 is handled. Duration 94 ms by bot id=8236920908
INFO:aiogram.event:Update id=844155765 is handled. Duration 78 ms by bot id=8236920908
INFO:aiogram.event:Update id=844155766 is handled. Duration 93 ms by bot id=8236920908
INFO:aiogram.event:Update id=844155767 is handled. Duration 109 ms by bot id=8236920908
INFO:aiogram.event:Update id=844155768 is handled. Duration 61 ms by bot id=8236920908
INFO:aiogram.event:Update id=844155769 is handled. Duration 78 ms by bot id=8236920908
INFO:aiogram.event:Update id=844155770 is handled. Duration 155 ms by bot id=8236920908
INFO:aiogram.event:Update id=844155771 is handled. Duration 93 ms by bot id=8236920908
INFO:aiogram.event:Update id=844155772 is handled. Duration 63 ms by bot id=8236920908
INFO:aiogram.event:Update id=844155773 is handled. Duration 172 ms by bot id=8236920908
INFO:aiogram.event:Update id=844155774 is handled. Duration 77 ms by bot id=8236920908
INFO:aiogram.event:Update id=844155775 is handled. Duration 62 ms by bot id=8236920908
INFO:aiogram.event:Update id=844155776 is handled. Duration 62 ms by bot id=8236920908
INFO:aiogram.event:Update id=844155777 is handled. Duration 250 ms by bot id=8236920908
INFO:aiogram.event:Update id=844155778 is handled. Duration 78 ms by bot id=8236920908
INFO:aiogram.event:Update id=844155779 is handled. Duration 77 ms by bot id=8236920908
INFO:aiogram.event:Update id=844155780 is handled. Duration 93 ms by bot id=8236920908
INFO:aiogram.event:Update id=844155781 is handled. Duration 108 ms by bot id=8236920908
INFO:aiogram.event:Update id=844155782 is handled. Duration 77 ms by bot id=8236920908
INFO:aiogram.event:Update id=844155783 is handled. Duration 77 ms by bot id=8236920908
INFO:aiogram.event:Update id=844155784 is handled. Duration 77 ms by bot id=8236920908
INFO:aiogram.dispatcher:Polling stopped
INFO:aiogram.dispatcher:Polling stopped for bot @ChanellAdm_bot id=8236920908 - 'ChanellAdm'
