INFO:__main__:run of sport scrap
INFO:__main__:end of sport scrap
INFO:__main__:run culture scrap
INFO:__main__:end of culture scrap
INFO:__main__:Start scrap of game urls posts
INFO:__main__:Scrapping of game urls posts is success
INFO:__main__:Start game scraper
INFO:__main__:Pic dont found in games post
INFO:__main__:Data in db
INFO:__main__:Data in db
INFO:__main__:Data in db
INFO:__main__:Data in db
INFO:__main__:Data in db
INFO:__main__:Data in db
INFO:__main__:Data in db
INFO:__main__:Data in db
INFO:__main__:Data in db
INFO:__main__:Data in db
INFO:__main__:Data in db
INFO:__main__:Data in db
INFO:__main__:Data in db
INFO:__main__:Data in db
INFO:__main__:Data in db
INFO:__main__:Data in db
INFO:__main__:Data in db
INFO:__main__:Data in db
INFO:__main__:Data in db
INFO:__main__:Data in db
INFO:__main__:Data in db
INFO:__main__:Data in db
INFO:__main__:Data in db
INFO:__main__:Data in db
INFO:__main__:Data in db
INFO:__main__:Data in db
INFO:__main__:Data in db
INFO:__main__:Data in db
INFO:__main__:Data in db
INFO:__main__:Data in db
INFO:__main__:End of game scraper work
